<?xml version="1.0" encoding="UTF-8"?>
<testsuite name="Test Choucair" tests="1" skipped="0" failures="0" errors="0" timestamp="2021-10-17T01:29:40" hostname="CHMEPFBFM2B3" time="25.015">
  <properties/>
  <testcase name="Buy on the page" classname="Test Choucair" time="25.015"/>
  <system-out><![CDATA[]]></system-out>
  <system-err><![CDATA[oct 16, 2021 8:29:40 PM org.openqa.selenium.remote.DesiredCapabilities chrome
INFORMACIÓN: Using `new ChromeOptions()` is preferred to `DesiredCapabilities.chrome()`
Starting ChromeDriver 94.0.4606.61 (418b78f5838ed0b1c69bb4e51ea0252171854915-refs/branch-heads/4606@{#1204}) on port 31162
Only local connections are allowed.
Please see https://chromedriver.chromium.org/security-considerations for suggestions on keeping ChromeDriver safe.
ChromeDriver was started successfully.
oct 16, 2021 8:29:42 PM org.openqa.selenium.remote.ProtocolHandshake createSession
INFORMACIÓN: Detected dialect: W3C
]]></system-err>
</testsuite>
